<?xml version="1.0" encoding="UTF-8"?>
<!-- Generated by org.testng.reporters.JUnitReportReporter -->
<testsuite skipped="0" hostname="YY172619" name="testRunner.TestRunner" tests="4" failures="1" timestamp="19 Aug 2019 12:23:05 GMT" time="88.380" errors="0">
  <testcase name="test" time="11.129" classname="testRunner.TestRunner"/>
  <testcase name="test" time="51.302" classname="testRunner.TestRunner">
    <failure type="java.lang.AssertionError" message="Unable to verify movie nameorg.openqa.selenium.TimeoutException: Expected condition failed: waiting for visibility of Proxy element for: DefaultElementLocator &#039;By.xpath: //*[@id=&#039;titleOverview&#039;]//h1&#039; (tried for 30 second(s) with 500 milliseconds interval)">
      <![CDATA[java.lang.AssertionError: Unable to verify movie nameorg.openqa.selenium.TimeoutException: Expected condition failed: waiting for visibility of Proxy element for: DefaultElementLocator 'By.xpath: //*[@id='titleOverview']//h1' (tried for 30 second(s) with 500 milliseconds interval)
at org.testng.Assert.fail(Assert.java:96)
at mobile.m_moviePage.verifyMoviename(m_moviePage.java:40)
at testRunner.TestRunner.test(TestRunner.java:99)
at sun.reflect.NativeMethodAccessorImpl.invoke0(Native Method)
at sun.reflect.NativeMethodAccessorImpl.invoke(Unknown Source)
at sun.reflect.DelegatingMethodAccessorImpl.invoke(Unknown Source)
at java.lang.reflect.Method.invoke(Unknown Source)
at org.testng.internal.MethodInvocationHelper.invokeMethod(MethodInvocationHelper.java:124)
at org.testng.internal.Invoker.invokeMethod(Invoker.java:583)
at org.testng.internal.Invoker.invokeTestMethod(Invoker.java:719)
at org.testng.internal.TestMethodWithDataProviderMethodWorker.call(TestMethodWithDataProviderMethodWorker.java:71)
at org.testng.internal.TestMethodWithDataProviderMethodWorker.call(TestMethodWithDataProviderMethodWorker.java:14)
at java.util.concurrent.FutureTask.run(Unknown Source)
at java.util.concurrent.Executors$RunnableAdapter.call(Unknown Source)
at java.util.concurrent.FutureTask.run(Unknown Source)
at java.util.concurrent.ThreadPoolExecutor.runWorker(Unknown Source)
at java.util.concurrent.ThreadPoolExecutor$Worker.run(Unknown Source)
at java.lang.Thread.run(Unknown Source)
]]>
    </failure>
  </testcase> <!-- test -->
  <testcase name="test" time="11.807" classname="testRunner.TestRunner"/>
  <testcase name="test" time="14.142" classname="testRunner.TestRunner"/>
</testsuite> <!-- testRunner.TestRunner -->
